<?xml version="1.0" encoding="UTF-8"?>
<coverage generated="1706822045143" clover="3.2.0">
  <project timestamp="1706822045143" name="All files">
    <metrics statements="23" coveredstatements="8" conditionals="4" coveredconditionals="0" methods="14" coveredmethods="4" elements="41" coveredelements="12" complexity="0" loc="23" ncloc="23" packages="1" files="2" classes="2"/>
    <file name="stack.js" path="C:\Users\joshm\Desktop\nodejs-course\jest-course\stack.js">
      <metrics statements="15" coveredstatements="6" conditionals="2" coveredconditionals="0" methods="7" coveredmethods="3"/>
      <line num="3" count="1" type="stmt"/>
      <line num="4" count="1" type="stmt"/>
      <line num="8" count="0" type="stmt"/>
      <line num="12" count="0" type="stmt"/>
      <line num="13" count="0" type="stmt"/>
      <line num="17" count="0" type="cond" truecount="0" falsecount="2"/>
      <line num="18" count="0" type="stmt"/>
      <line num="21" count="0" type="stmt"/>
      <line num="22" count="0" type="stmt"/>
      <line num="23" count="0" type="stmt"/>
      <line num="24" count="0" type="stmt"/>
      <line num="29" count="1" type="stmt"/>
      <line num="30" count="1" type="stmt"/>
      <line num="34" count="1" type="stmt"/>
      <line num="36" count="1" type="stmt"/>
    </file>
    <file name="sum.js" path="C:\Users\joshm\Desktop\nodejs-course\jest-course\sum.js">
      <metrics statements="8" coveredstatements="2" conditionals="2" coveredconditionals="0" methods="7" coveredmethods="1"/>
      <line num="2" count="1" type="stmt"/>
      <line num="6" count="0" type="cond" truecount="0" falsecount="2"/>
      <line num="7" count="0" type="stmt"/>
      <line num="13" count="0" type="stmt"/>
      <line num="14" count="0" type="stmt"/>
      <line num="19" count="0" type="stmt"/>
      <line num="20" count="0" type="stmt"/>
      <line num="24" count="1" type="stmt"/>
    </file>
  </project>
</coverage>
