TN:
SF:stack.js
FN:2,(anonymous_0)
FN:7,(anonymous_1)
FN:11,(anonymous_2)
FN:16,(anonymous_3)
FNF:4
FNH:4
FNDA:11,(anonymous_0)
FNDA:1,(anonymous_1)
FNDA:2,(anonymous_2)
FNDA:2,(anonymous_3)
DA:3,11
DA:4,11
DA:8,1
DA:12,2
DA:13,2
DA:17,2
DA:18,1
DA:21,1
DA:22,1
DA:23,1
DA:24,1
DA:28,1
LF:12
LH:12
BRDA:17,0,0,1
BRDA:17,0,1,1
BRF:2
BRH:2
end_of_record
TN:
SF:sum.js
FN:3,sum
FN:7,myFunction
FN:13,fetchData
FN:14,(anonymous_3)
FN:19,fetchPromise
FN:20,(anonymous_5)
FN:21,(anonymous_6)
FNF:7
FNH:1
FNDA:1,sum
FNDA:0,myFunction
FNDA:0,fetchData
FNDA:0,(anonymous_3)
FNDA:0,fetchPromise
FNDA:0,(anonymous_5)
FNDA:0,(anonymous_6)
DA:1,1
DA:4,1
DA:8,0
DA:9,0
DA:14,0
DA:15,0
DA:20,0
DA:21,0
DA:25,1
LF:9
LH:3
BRDA:8,0,0,0
BRDA:8,0,1,0
BRF:2
BRH:0
end_of_record
