TN:
SF:stack.js
FN:2,(anonymous_0)
FN:7,(anonymous_1)
FN:11,(anonymous_2)
FN:16,(anonymous_3)
FN:28,fetchPromisePeanutButter
FN:29,(anonymous_5)
FN:30,(anonymous_6)
FNF:7
FNH:3
FNDA:1,(anonymous_0)
FNDA:0,(anonymous_1)
FNDA:0,(anonymous_2)
FNDA:0,(anonymous_3)
FNDA:1,fetchPromisePeanutButter
FNDA:1,(anonymous_5)
FNDA:0,(anonymous_6)
DA:3,1
DA:4,1
DA:8,0
DA:12,0
DA:13,0
DA:17,0
DA:18,0
DA:21,0
DA:22,0
DA:23,0
DA:24,0
DA:29,1
DA:30,1
DA:34,1
DA:36,1
LF:15
LH:6
BRDA:17,0,0,0
BRDA:17,0,1,0
BRF:2
BRH:0
end_of_record
TN:
SF:sum.js
FN:1,sum
FN:5,myFunction
FN:12,fetchData
FN:13,(anonymous_3)
FN:18,fetchPromise
FN:19,(anonymous_5)
FN:20,(anonymous_6)
FNF:7
FNH:1
FNDA:1,sum
FNDA:0,myFunction
FNDA:0,fetchData
FNDA:0,(anonymous_3)
FNDA:0,fetchPromise
FNDA:0,(anonymous_5)
FNDA:0,(anonymous_6)
DA:2,1
DA:6,0
DA:7,0
DA:13,0
DA:14,0
DA:19,0
DA:20,0
DA:24,1
LF:8
LH:2
BRDA:6,0,0,0
BRDA:6,0,1,0
BRF:2
BRH:0
end_of_record
